

Microchip MPLAB XC8 Assembler V2.10 build 88905656 
                                                                                               Wed Oct 30 22:29:49 2019

Microchip MPLAB XC8 C Compiler v2.10 (Free license) build 20190730164152 Og1 
     1                           	processor	18F87K22
     2                           	fnconf	rparam,??,?,0
     3                           	opt	pw 120
     4                           	opt	flic
     5                           	psect	smallconst,global,reloc=2,class=SMALLCONST,delta=1,noexec
     6                           	psect	cinit,global,reloc=2,class=CODE,delta=1
     7                           	psect	bssCOMRAM,global,class=COMRAM,space=1,delta=1,noexec
     8                           	psect	cstackCOMRAM,global,class=COMRAM,space=1,delta=1,noexec
     9                           	psect	text0,global,reloc=2,class=CODE,delta=1
    10                           	psect	text1,global,reloc=2,class=CODE,delta=1
    11                           	psect	text2,global,reloc=2,class=CODE,delta=1
    12                           	psect	intcodelo,global,reloc=2,class=CODE,delta=1
    13                           	psect	text4,global,reloc=2,class=CODE,delta=1
    14                           	psect	text5,global,reloc=2,class=CODE,delta=1
    15                           	psect	text6,global,reloc=2,class=CODE,delta=1
    16                           	psect	intcode,global,reloc=2,class=CODE,delta=1
    17                           	psect	intcode_body,global,reloc=2,class=CODE,delta=1
    18                           	psect	intsave_regs,global,class=BIGRAM,space=1,delta=1,noexec
    19                           	psect	rparam,global,class=COMRAM,space=1,delta=1,noexec
    20                           	psect	temp,global,ovrld,common,class=COMRAM,space=1,delta=1
    21  0000                     
    22                           ; Version 2.10
    23                           ; Generated 31/07/2019 GMT
    24                           ; 
    25                           ; Copyright © 2019, Microchip Technology Inc. and its subsidiaries ("Microchip")
    26                           ; All rights reserved.
    27                           ; 
    28                           ; This software is developed by Microchip Technology Inc. and its subsidiaries ("Microch
      +                          ip").
    29                           ; 
    30                           ; Redistribution and use in source and binary forms, with or without modification, are
    31                           ; permitted provided that the following conditions are met:
    32                           ; 
    33                           ;     1. Redistributions of source code must retain the above copyright notice, this lis
      +                          t of
    34                           ;        conditions and the following disclaimer.
    35                           ; 
    36                           ;     2. Redistributions in binary form must reproduce the above copyright notice, this 
      +                          list
    37                           ;        of conditions and the following disclaimer in the documentation and/or other
    38                           ;        materials provided with the distribution.
    39                           ; 
    40                           ;     3. Microchip's name may not be used to endorse or promote products derived from th
      +                          is
    41                           ;        software without specific prior written permission.
    42                           ; 
    43                           ; THIS SOFTWARE IS PROVIDED BY MICROCHIP "AS IS" AND ANY EXPRESS OR IMPLIED WARRANTIES,
    44                           ; INCLUDING, BUT NOT LIMITED TO, THE IMPLIED WARRANTIES OF MERCHANTABILITY AND FITNESS F
      +                          OR
    45                           ; PURPOSE ARE DISCLAIMED.  IN NO EVENT SHALL MICROCHIP BE LIABLE FOR ANY DIRECT, INDIREC
      +                          T,
    46                           ; INCIDENTAL, SPECIAL, EXEMPLARY, OR CONSEQUENTIAL DAMAGES (INCLUDING BUT NOT LIMITED TO
    47                           ; PROCUREMENT OF SUBSTITUTE GOODS OR SERVICES; LOSS OF USE, DATA OR PROFITS; OR BUSINESS
    48                           ; INTERRUPTION) HOWSOEVER CAUSED AND ON ANY THEORY OF LIABILITY, WHETHER IN CONTRACT, ST
      +                          RICT
    49                           ; LIABILITY, OR TORT (INCLUDING NEGLIGENCE OR OTHERWISE) ARISING IN ANY WAY OUT OF THE U
      +                          SE OF
    50                           ; THIS SOFTWARE, EVEN IF ADVISED OF THE POSSIBILITY OF SUCH DAMAGE.
    51                           ; 
    52                           ; 
    53                           ; Code-generator required, PIC18F87K22 Definitions
    54                           ; 
    55                           ; SFR Addresses
    56  0000                     
    57                           	psect	smallconst
    58  001000                     __psmallconst:
    59                           	opt callstack 0
    60  001000  00                 	db	0
    61  001001                     _LCDInitStr_:
    62                           	opt callstack 0
    63  001001  33                 	db	51
    64  001002  32                 	db	50
    65  001003  28                 	db	40
    66  001004  0C                 	db	12
    67  001005  01                 	db	1
    68  001006  06                 	db	6
    69  001007  00                 	db	0
    70  001008                     __end_of_LCDInitStr_:
    71                           	opt callstack 0
    72  0000                     _T0CONbits	set	4053
    73  0000                     _INTCONbits	set	4082
    74  0000                     _INTCON2bits	set	4081
    75  0000                     _RCONbits	set	4048
    76  0000                     _TMR0H	set	4055
    77  0000                     _TMR0L	set	4054
    78  0000                     _T0CON	set	4053
    79  0000                     _TRISB	set	3987
    80  0000                     _LATC	set	3979
    81  0000                     _TRISC	set	3988
    82  0000                     _LATD	set	3980
    83  0000                     _TRISD	set	3989
    84  0000                     _PORTB	set	3969
    85  0000                     _LATB	set	3978
    86  0000                     _LATBbits	set	3978
    87  001008                     STR_1:
    88  001008  80                 	db	-128
    89  001009  2D                 	db	45
    90  00100A  52                 	db	82	;'R'
    91  00100B  6F                 	db	111	;'o'
    92  00100C  6C                 	db	108	;'l'
    93  00100D  6C                 	db	108	;'l'
    94  00100E  6F                 	db	111	;'o'
    95  00100F  76                 	db	118	;'v'
    96  001010  65                 	db	101	;'e'
    97  001011  72                 	db	114	;'r'
    98  001012  2C                 	db	44
    99  001013  00                 	db	0
   100                           
   101                           ; #config settings
   102  001014  00                 	db	0	; dummy byte at the end
   103  0000                     
   104                           	psect	cinit
   105  001216                     __pcinit:
   106                           	opt callstack 0
   107  001216                     start_initialization:
   108                           	opt callstack 0
   109  001216                     __initialization:
   110                           	opt callstack 0
   111                           
   112                           ; Clear objects allocated to COMRAM (2 bytes)
   113  001216  6A22               	clrf	(__pbssCOMRAM+1)& (0+255),c
   114  001218  6A21               	clrf	__pbssCOMRAM& (0+255),c
   115  00121A                     end_of_initialization:
   116                           	opt callstack 0
   117  00121A                     __end_of__initialization:
   118                           	opt callstack 0
   119  00121A  9023               	bcf	int$flags,0,c	;clear compiler interrupt flag (level 1)
   120  00121C  9223               	bcf	int$flags,1,c	;clear compiler interrupt flag (level 2)
   121  00121E  0E00               	movlw	low (__Lsmallconst shr (0+16))
   122  001220  6EF8               	movwf	tblptru,c
   123  001222  0E10               	movlw	high __Lsmallconst
   124  001224  6EF7               	movwf	tblptrh,c
   125  001226  0100               	movlb	0
   126  001228  EF16  F009         	goto	_main	;jump to C main() function
   127                           
   128                           	psect	bssCOMRAM
   129  000021                     __pbssCOMRAM:
   130                           	opt callstack 0
   131  000021                     _Alive_count:
   132                           	opt callstack 0
   133  000021                     	ds	2
   134                           
   135                           	psect	cstackCOMRAM
   136  000001                     __pcstackCOMRAM:
   137                           	opt callstack 0
   138  000001                     DisplayV@LCDStr:
   139                           	opt callstack 0
   140                           
   141                           ; 2 bytes @ 0x0
   142  000001                     	ds	2
   143  000003                     DisplayV@nibble:
   144                           	opt callstack 0
   145                           
   146                           ; 1 bytes @ 0x2
   147  000003                     	ds	1
   148  000004                     DisplayV@count:
   149                           	opt callstack 0
   150                           
   151                           ; 1 bytes @ 0x3
   152  000004                     	ds	1
   153  000005                     DisplayC@LCDStr:
   154                           	opt callstack 0
   155                           
   156                           ; 2 bytes @ 0x4
   157  000005                     	ds	2
   158  000007                     ??_DisplayC:
   159                           
   160                           ; 1 bytes @ 0x6
   161  000007                     	ds	2
   162  000009                     DisplayC@temp:
   163                           	opt callstack 0
   164                           
   165                           ; 10 bytes @ 0x8
   166  000009                     	ds	10
   167  000013                     DisplayC@i:
   168                           	opt callstack 0
   169                           
   170                           ; 2 bytes @ 0x12
   171  000013                     	ds	2
   172  000015                     ??_LoPriISR:
   173                           
   174                           ; 1 bytes @ 0x14
   175  000015                     	ds	9
   176  00001E                     ??_InitLCD:
   177                           
   178                           ; 1 bytes @ 0x1D
   179  00001E                     	ds	1
   180  00001F                     InitLCD@nibble:
   181                           	opt callstack 0
   182                           
   183                           ; 1 bytes @ 0x1E
   184  00001F                     	ds	1
   185  000020                     InitLCD@count:
   186                           	opt callstack 0
   187                           
   188                           ; 1 bytes @ 0x1F
   189  000020                     	ds	1
   190  000021                     
   191                           ; 1 bytes @ 0x20
   192 ;;
   193 ;;Main: autosize = 0, tempsize = 0, incstack = 0, save=0
   194 ;;
   195 ;; *************** function _main *****************
   196 ;; Defined at:
   197 ;;		line 57 in file "C:/Users/wyatt/Documents/ASEN 4519/Lab 5/George_Wyatt_Lab5C.c"
   198 ;; Parameters:    Size  Location     Type
   199 ;;		None
   200 ;; Auto vars:     Size  Location     Type
   201 ;;		None
   202 ;; Return value:  Size  Location     Type
   203 ;;                  1    wreg      void 
   204 ;; Registers used:
   205 ;;		wreg, status,2, status,0, tblptrl, tblptrh, tblptru, cstack
   206 ;; Tracked objects:
   207 ;;		On entry : 0/0
   208 ;;		On exit  : 0/0
   209 ;;		Unchanged: 0/0
   210 ;; Data sizes:     COMRAM   BANK0   BANK1   BANK2   BANK3   BANK4   BANK5   BANK6   BANK7   BANK8   BANK9  BANK10  BANK1
      +1  BANK12  BANK13  BANK14  BANK15
   211 ;;      Params:         0       0       0       0       0       0       0       0       0       0       0       0       
      +0       0       0       0       0
   212 ;;      Locals:         0       0       0       0       0       0       0       0       0       0       0       0       
      +0       0       0       0       0
   213 ;;      Temps:          0       0       0       0       0       0       0       0       0       0       0       0       
      +0       0       0       0       0
   214 ;;      Totals:         0       0       0       0       0       0       0       0       0       0       0       0       
      +0       0       0       0       0
   215 ;;Total ram usage:        0 bytes
   216 ;; Hardware stack levels required when called:    7
   217 ;; This function calls:
   218 ;;		_Initial
   219 ;; This function is called by:
   220 ;;		Startup code after reset
   221 ;; This function uses a non-reentrant model
   222 ;;
   223                           
   224                           	psect	text0
   225  00122C                     __ptext0:
   226                           	opt callstack 0
   227  00122C                     _main:
   228                           	opt callstack 24
   229  00122C  ECE4  F008         	call	_Initial	;wreg free
   230  001230                     l72:
   231  001230  EF18  F009         	goto	l72
   232  001234  EF3E  F000         	goto	start
   233  001238                     __end_of_main:
   234                           	opt callstack 0
   235                           
   236 ;; *************** function _Initial *****************
   237 ;; Defined at:
   238 ;;		line 71 in file "C:/Users/wyatt/Documents/ASEN 4519/Lab 5/George_Wyatt_Lab5C.c"
   239 ;; Parameters:    Size  Location     Type
   240 ;;		None
   241 ;; Auto vars:     Size  Location     Type
   242 ;;		None
   243 ;; Return value:  Size  Location     Type
   244 ;;                  1    wreg      void 
   245 ;; Registers used:
   246 ;;		wreg, status,2, status,0, tblptrl, tblptrh, tblptru, cstack
   247 ;; Tracked objects:
   248 ;;		On entry : 0/0
   249 ;;		On exit  : 0/0
   250 ;;		Unchanged: 0/0
   251 ;; Data sizes:     COMRAM   BANK0   BANK1   BANK2   BANK3   BANK4   BANK5   BANK6   BANK7   BANK8   BANK9  BANK10  BANK1
      +1  BANK12  BANK13  BANK14  BANK15
   252 ;;      Params:         0       0       0       0       0       0       0       0       0       0       0       0       
      +0       0       0       0       0
   253 ;;      Locals:         0       0       0       0       0       0       0       0       0       0       0       0       
      +0       0       0       0       0
   254 ;;      Temps:          0       0       0       0       0       0       0       0       0       0       0       0       
      +0       0       0       0       0
   255 ;;      Totals:         0       0       0       0       0       0       0       0       0       0       0       0       
      +0       0       0       0       0
   256 ;;Total ram usage:        0 bytes
   257 ;; Hardware stack levels used:    1
   258 ;; Hardware stack levels required when called:    6
   259 ;; This function calls:
   260 ;;		_InitLCD
   261 ;; This function is called by:
   262 ;;		_main
   263 ;; This function uses a non-reentrant model
   264 ;;
   265                           
   266                           	psect	text1
   267  0011C8                     __ptext1:
   268                           	opt callstack 0
   269  0011C8                     _Initial:
   270                           	opt callstack 24
   271  0011C8                     
   272                           ;C:/Users/wyatt/Documents/ASEN 4519/Lab 5/George_Wyatt_Lab5C.c: 73:     TRISD = 0x00;
   273  0011C8  0E00               	movlw	0
   274  0011CA  6E95               	movwf	149,c	;volatile
   275                           
   276                           ;C:/Users/wyatt/Documents/ASEN 4519/Lab 5/George_Wyatt_Lab5C.c: 74:     LATD = 0x00;
   277  0011CC  0E00               	movlw	0
   278  0011CE  6E8C               	movwf	140,c	;volatile
   279                           
   280                           ;C:/Users/wyatt/Documents/ASEN 4519/Lab 5/George_Wyatt_Lab5C.c: 75:     TRISC = 0x00;
   281  0011D0  0E00               	movlw	0
   282  0011D2  6E94               	movwf	148,c	;volatile
   283                           
   284                           ;C:/Users/wyatt/Documents/ASEN 4519/Lab 5/George_Wyatt_Lab5C.c: 76:     LATC = 0x00;
   285  0011D4  0E00               	movlw	0
   286  0011D6  6E8B               	movwf	139,c	;volatile
   287                           
   288                           ;C:/Users/wyatt/Documents/ASEN 4519/Lab 5/George_Wyatt_Lab5C.c: 77:     TRISB = 0xC0;
   289  0011D8  0EC0               	movlw	192
   290  0011DA  6E93               	movwf	147,c	;volatile
   291  0011DC                     
   292                           ;C:/Users/wyatt/Documents/ASEN 4519/Lab 5/George_Wyatt_Lab5C.c: 80:     InitLCD();
   293  0011DC  EC63  F008         	call	_InitLCD	;wreg free
   294  0011E0                     
   295                           ;C:/Users/wyatt/Documents/ASEN 4519/Lab 5/George_Wyatt_Lab5C.c: 85:     T0CON = 0b000001
      +                          01;
   296  0011E0  0E05               	movlw	5
   297  0011E2  6ED5               	movwf	213,c	;volatile
   298  0011E4                     
   299                           ;C:/Users/wyatt/Documents/ASEN 4519/Lab 5/George_Wyatt_Lab5C.c: 86:     TMR0L = 0xDB;
   300  0011E4  0EDB               	movlw	219
   301  0011E6  6ED6               	movwf	214,c	;volatile
   302  0011E8                     
   303                           ;C:/Users/wyatt/Documents/ASEN 4519/Lab 5/George_Wyatt_Lab5C.c: 87:     TMR0H = 0x0B;
   304  0011E8  0E0B               	movlw	11
   305  0011EA  6ED7               	movwf	215,c	;volatile
   306  0011EC                     
   307                           ;C:/Users/wyatt/Documents/ASEN 4519/Lab 5/George_Wyatt_Lab5C.c: 91:     RCONbits.IPEN = 
      +                          1;
   308  0011EC  8ED0               	bsf	208,7,c	;volatile
   309  0011EE                     
   310                           ;C:/Users/wyatt/Documents/ASEN 4519/Lab 5/George_Wyatt_Lab5C.c: 92:     INTCON2bits.TMR0
      +                          IP = 0;
   311  0011EE  94F1               	bcf	241,2,c	;volatile
   312  0011F0                     
   313                           ;C:/Users/wyatt/Documents/ASEN 4519/Lab 5/George_Wyatt_Lab5C.c: 94:     INTCONbits.TMR0I
      +                          E = 1;
   314  0011F0  8AF2               	bsf	242,5,c	;volatile
   315  0011F2                     
   316                           ;C:/Users/wyatt/Documents/ASEN 4519/Lab 5/George_Wyatt_Lab5C.c: 95:     INTCONbits.GIEL 
      +                          = 1;
   317  0011F2  8CF2               	bsf	242,6,c	;volatile
   318  0011F4                     
   319                           ;C:/Users/wyatt/Documents/ASEN 4519/Lab 5/George_Wyatt_Lab5C.c: 96:     INTCONbits.GIEH 
      +                          = 1;
   320  0011F4  8EF2               	bsf	242,7,c	;volatile
   321  0011F6                     
   322                           ;C:/Users/wyatt/Documents/ASEN 4519/Lab 5/George_Wyatt_Lab5C.c: 98:     T0CONbits.TMR0ON
      +                           = 1;
   323  0011F6  8ED5               	bsf	213,7,c	;volatile
   324  0011F8  0012               	return		;funcret
   325  0011FA                     __end_of_Initial:
   326                           	opt callstack 0
   327                           
   328 ;; *************** function _InitLCD *****************
   329 ;; Defined at:
   330 ;;		line 51 in file "C:/Users/wyatt/Documents/ASEN 4519/Lab 5/George_Wyatt_EasyPicLCDroutines.c"
   331 ;; Parameters:    Size  Location     Type
   332 ;;		None
   333 ;; Auto vars:     Size  Location     Type
   334 ;;  count           1   31[COMRAM] unsigned char 
   335 ;;  nibble          1   30[COMRAM] unsigned char 
   336 ;; Return value:  Size  Location     Type
   337 ;;                  1    wreg      void 
   338 ;; Registers used:
   339 ;;		wreg, status,2, status,0, tblptrl, tblptrh, tblptru
   340 ;; Tracked objects:
   341 ;;		On entry : 0/0
   342 ;;		On exit  : 0/0
   343 ;;		Unchanged: 0/0
   344 ;; Data sizes:     COMRAM   BANK0   BANK1   BANK2   BANK3   BANK4   BANK5   BANK6   BANK7   BANK8   BANK9  BANK10  BANK1
      +1  BANK12  BANK13  BANK14  BANK15
   345 ;;      Params:         0       0       0       0       0       0       0       0       0       0       0       0       
      +0       0       0       0       0
   346 ;;      Locals:         2       0       0       0       0       0       0       0       0       0       0       0       
      +0       0       0       0       0
   347 ;;      Temps:          1       0       0       0       0       0       0       0       0       0       0       0       
      +0       0       0       0       0
   348 ;;      Totals:         3       0       0       0       0       0       0       0       0       0       0       0       
      +0       0       0       0       0
   349 ;;Total ram usage:        3 bytes
   350 ;; Hardware stack levels used:    1
   351 ;; Hardware stack levels required when called:    5
   352 ;; This function calls:
   353 ;;		Nothing
   354 ;; This function is called by:
   355 ;;		_Initial
   356 ;; This function uses a non-reentrant model
   357 ;;
   358                           
   359                           	psect	text2
   360  0010C6                     __ptext2:
   361                           	opt callstack 0
   362  0010C6                     _InitLCD:
   363                           	opt callstack 24
   364  0010C6                     
   365                           ;C:/Users/wyatt/Documents/ASEN 4519/Lab 5/George_Wyatt_EasyPicLCDroutines.c: 52:  unsign
      +                          ed char count = 0;
   366  0010C6  0E00               	movlw	0
   367  0010C8  6E20               	movwf	InitLCD@count^0,c
   368  0010CA                     
   369                           ;C:/Users/wyatt/Documents/ASEN 4519/Lab 5/George_Wyatt_EasyPicLCDroutines.c: 56:     _de
      +                          lay((unsigned long)((40)*(16000000/4000.0)));
   370  0010CA  0ED0               	movlw	208
   371  0010CC  6E1E               	movwf	??_InitLCD^0,c
   372  0010CE  0ECA               	movlw	202
   373  0010D0                     u127:
   374  0010D0  2EE8               	decfsz	wreg,f,c
   375  0010D2  D7FE               	bra	u127
   376  0010D4  2E1E               	decfsz	??_InitLCD^0,f,c
   377  0010D6  D7FC               	bra	u127
   378  0010D8                     
   379                           ;C:/Users/wyatt/Documents/ASEN 4519/Lab 5/George_Wyatt_EasyPicLCDroutines.c: 59:  LATBbi
      +                          ts.LATB4 = 0;
   380  0010D8  988A               	bcf	138,4,c	;volatile
   381                           
   382                           ;C:/Users/wyatt/Documents/ASEN 4519/Lab 5/George_Wyatt_EasyPicLCDroutines.c: 61:  while(
      +                          LCDInitStr_[count]!=0x00) {
   383  0010DA  EFA4  F008         	goto	l839
   384  0010DE                     l811:
   385                           
   386                           ;C:/Users/wyatt/Documents/ASEN 4519/Lab 5/George_Wyatt_EasyPicLCDroutines.c: 62:        
      +                           LATB = 0;
   387  0010DE  0E00               	movlw	0
   388  0010E0  6E8A               	movwf	138,c	;volatile
   389  0010E2                     
   390                           ;C:/Users/wyatt/Documents/ASEN 4519/Lab 5/George_Wyatt_EasyPicLCDroutines.c: 63:   LATBb
      +                          its.LATB5 = 1;
   391  0010E2  8A8A               	bsf	138,5,c	;volatile
   392  0010E4                     
   393                           ;C:/Users/wyatt/Documents/ASEN 4519/Lab 5/George_Wyatt_EasyPicLCDroutines.c: 65:        
      +                           nibble = 0xF0 & LCDInitStr_[count];
   394  0010E4  0E01               	movlw	low _LCDInitStr_
   395  0010E6  2420               	addwf	InitLCD@count^0,w,c
   396  0010E8  6EF6               	movwf	tblptrl,c
   397  0010EA  6AF7               	clrf	tblptrh,c
   398  0010EC  0E10               	movlw	high _LCDInitStr_
   399  0010EE  22F7               	addwfc	tblptrh,f,c
   400  0010F0                     	if	0	;There are less than 3 active tblptr bytes
   401  0010F0                     	endif
   402  0010F0  0008               	tblrd		*
   403  0010F2  50F5               	movf	tablat,w,c
   404  0010F4  0BF0               	andlw	240
   405  0010F6  6E1F               	movwf	InitLCD@nibble^0,c
   406  0010F8                     
   407                           ;C:/Users/wyatt/Documents/ASEN 4519/Lab 5/George_Wyatt_EasyPicLCDroutines.c: 67:        
      +                           nibble >>= 4;
   408  0010F8  3A1F               	swapf	InitLCD@nibble^0,f,c
   409  0010FA  0E0F               	movlw	15
   410  0010FC  161F               	andwf	InitLCD@nibble^0,f,c
   411  0010FE                     
   412                           ;C:/Users/wyatt/Documents/ASEN 4519/Lab 5/George_Wyatt_EasyPicLCDroutines.c: 69:        
      +                           LATB = nibble & 0x0F;
   413  0010FE  501F               	movf	InitLCD@nibble^0,w,c
   414  001100  0B0F               	andlw	15
   415  001102  6E8A               	movwf	138,c	;volatile
   416  001104                     
   417                           ;C:/Users/wyatt/Documents/ASEN 4519/Lab 5/George_Wyatt_EasyPicLCDroutines.c: 70:        
      +                           LATBbits.LATB5 = 0;
   418  001104  9A8A               	bcf	138,5,c	;volatile
   419  001106                     
   420                           ;C:/Users/wyatt/Documents/ASEN 4519/Lab 5/George_Wyatt_EasyPicLCDroutines.c: 71:        
      +                           _delay((unsigned long)((10)*(16000000/4000.0)));
   421  001106  0E34               	movlw	52
   422  001108  6E1E               	movwf	??_InitLCD^0,c
   423  00110A  0EF2               	movlw	242
   424  00110C                     u137:
   425  00110C  2EE8               	decfsz	wreg,f,c
   426  00110E  D7FE               	bra	u137
   427  001110  2E1E               	decfsz	??_InitLCD^0,f,c
   428  001112  D7FC               	bra	u137
   429  001114                     
   430                           ;C:/Users/wyatt/Documents/ASEN 4519/Lab 5/George_Wyatt_EasyPicLCDroutines.c: 73:        
      +                           LATB = 0;
   431  001114  0E00               	movlw	0
   432  001116  6E8A               	movwf	138,c	;volatile
   433  001118                     
   434                           ;C:/Users/wyatt/Documents/ASEN 4519/Lab 5/George_Wyatt_EasyPicLCDroutines.c: 74:   LATBb
      +                          its.LATB5 = 1;
   435  001118  8A8A               	bsf	138,5,c	;volatile
   436  00111A                     
   437                           ;C:/Users/wyatt/Documents/ASEN 4519/Lab 5/George_Wyatt_EasyPicLCDroutines.c: 76:        
      +                           nibble = LCDInitStr_[count];
   438  00111A  0E01               	movlw	low _LCDInitStr_
   439  00111C  2420               	addwf	InitLCD@count^0,w,c
   440  00111E  6EF6               	movwf	tblptrl,c
   441  001120  6AF7               	clrf	tblptrh,c
   442  001122  0E10               	movlw	high _LCDInitStr_
   443  001124  22F7               	addwfc	tblptrh,f,c
   444  001126                     	if	0	;There are less than 3 active tblptr bytes
   445  001126                     	endif
   446  001126  0008               	tblrd		*
   447  001128  CFF5 F01F          	movff	tablat,InitLCD@nibble
   448  00112C                     
   449                           ;C:/Users/wyatt/Documents/ASEN 4519/Lab 5/George_Wyatt_EasyPicLCDroutines.c: 77:        
      +                           nibble &= 0x0F;
   450  00112C  0E0F               	movlw	15
   451  00112E  161F               	andwf	InitLCD@nibble^0,f,c
   452  001130                     
   453                           ;C:/Users/wyatt/Documents/ASEN 4519/Lab 5/George_Wyatt_EasyPicLCDroutines.c: 79:        
      +                           LATB = nibble & 0x0F;
   454  001130  501F               	movf	InitLCD@nibble^0,w,c
   455  001132  0B0F               	andlw	15
   456  001134  6E8A               	movwf	138,c	;volatile
   457  001136                     
   458                           ;C:/Users/wyatt/Documents/ASEN 4519/Lab 5/George_Wyatt_EasyPicLCDroutines.c: 80:        
      +                           LATBbits.LATB5 = 0;
   459  001136  9A8A               	bcf	138,5,c	;volatile
   460                           
   461                           ;C:/Users/wyatt/Documents/ASEN 4519/Lab 5/George_Wyatt_EasyPicLCDroutines.c: 81:      _d
      +                          elay((unsigned long)((10)*(16000000/4000.0)));
   462  001138  0E34               	movlw	52
   463  00113A  6E1E               	movwf	??_InitLCD^0,c
   464  00113C  0EF2               	movlw	242
   465  00113E                     u147:
   466  00113E  2EE8               	decfsz	wreg,f,c
   467  001140  D7FE               	bra	u147
   468  001142  2E1E               	decfsz	??_InitLCD^0,f,c
   469  001144  D7FC               	bra	u147
   470  001146                     
   471                           ;C:/Users/wyatt/Documents/ASEN 4519/Lab 5/George_Wyatt_EasyPicLCDroutines.c: 83:   count
      +                          ++;
   472  001146  2A20               	incf	InitLCD@count^0,f,c
   473  001148                     l839:
   474                           
   475                           ;C:/Users/wyatt/Documents/ASEN 4519/Lab 5/George_Wyatt_EasyPicLCDroutines.c: 61:  while(
      +                          LCDInitStr_[count]!=0x00) {
   476  001148  0E01               	movlw	low _LCDInitStr_
   477  00114A  2420               	addwf	InitLCD@count^0,w,c
   478  00114C  6EF6               	movwf	tblptrl,c
   479  00114E  6AF7               	clrf	tblptrh,c
   480  001150  0E10               	movlw	high _LCDInitStr_
   481  001152  22F7               	addwfc	tblptrh,f,c
   482  001154                     	if	0	;There are less than 3 active tblptr bytes
   483  001154                     	endif
   484  001154  0008               	tblrd		*
   485  001156  50F5               	movf	tablat,w,c
   486  001158  0900               	iorlw	0
   487  00115A  A4D8               	btfss	status,2,c
   488  00115C  EFB2  F008         	goto	u41
   489  001160  EFB4  F008         	goto	u40
   490  001164                     u41:
   491  001164  EF6F  F008         	goto	l811
   492  001168                     u40:
   493  001168                     
   494                           ;C:/Users/wyatt/Documents/ASEN 4519/Lab 5/George_Wyatt_EasyPicLCDroutines.c: 85:  LATBbi
      +                          ts.LATB4 = 1;
   495  001168  888A               	bsf	138,4,c	;volatile
   496  00116A  0012               	return		;funcret
   497  00116C                     __end_of_InitLCD:
   498                           	opt callstack 0
   499                           
   500 ;; *************** function _LoPriISR *****************
   501 ;; Defined at:
   502 ;;		line 119 in file "C:/Users/wyatt/Documents/ASEN 4519/Lab 5/George_Wyatt_Lab5C.c"
   503 ;; Parameters:    Size  Location     Type
   504 ;;		None
   505 ;; Auto vars:     Size  Location     Type
   506 ;;		None
   507 ;; Return value:  Size  Location     Type
   508 ;;                  1    wreg      void 
   509 ;; Registers used:
   510 ;;		wreg, fsr2l, fsr2h, status,2, status,0, tblptrl, tblptrh, tblptru, cstack
   511 ;; Tracked objects:
   512 ;;		On entry : 0/0
   513 ;;		On exit  : 0/0
   514 ;;		Unchanged: 0/0
   515 ;; Data sizes:     COMRAM   BANK0   BANK1   BANK2   BANK3   BANK4   BANK5   BANK6   BANK7   BANK8   BANK9  BANK10  BANK1
      +1  BANK12  BANK13  BANK14  BANK15
   516 ;;      Params:         0       0       0       0       0       0       0       0       0       0       0       0       
      +0       0       0       0       0
   517 ;;      Locals:         0       0       0       0       0       0       0       0       0       0       0       0       
      +0       0       0       0       0
   518 ;;      Temps:          9       0       0       0       0       0       0       0       0       0       0       0       
      +0       0       0       0       0
   519 ;;      Totals:         9       0       0       0       0       0       0       0       0       0       0       0       
      +0       0       0       0       0
   520 ;;Total ram usage:        9 bytes
   521 ;; Hardware stack levels used:    1
   522 ;; Hardware stack levels required when called:    4
   523 ;; This function calls:
   524 ;;		_TMR0handler
   525 ;; This function is called by:
   526 ;;		Interrupt level 1
   527 ;; This function uses a non-reentrant model
   528 ;;
   529                           
   530                           	psect	intcodelo
   531  000018                     __pintcodelo:
   532                           	opt callstack 0
   533  000018                     _LoPriISR:
   534                           	opt callstack 24
   535                           
   536                           ;incstack = 0
   537  000018  8023               	bsf	int$flags,0,c	;set compiler interrupt flag (level 1)
   538  00001A  CFD8 F015          	movff	status,??_LoPriISR
   539  00001E  CFE8 F016          	movff	wreg,??_LoPriISR+1
   540  000022  CFE0 F017          	movff	bsr,??_LoPriISR+2
   541  000026  CFD9 F018          	movff	fsr2l,??_LoPriISR+3
   542  00002A  CFDA F019          	movff	fsr2h,??_LoPriISR+4
   543  00002E  CFF6 F01A          	movff	tblptrl,??_LoPriISR+5
   544  000032  CFF7 F01B          	movff	tblptrh,??_LoPriISR+6
   545  000036  CFF8 F01C          	movff	tblptru,??_LoPriISR+7
   546  00003A  CFF5 F01D          	movff	tablat,??_LoPriISR+8
   547  00003E                     i1l88:
   548                           
   549                           ;C:/Users/wyatt/Documents/ASEN 4519/Lab 5/George_Wyatt_Lab5C.c: 122:         if( INTCONb
      +                          its.TMR0IF ) {
   550  00003E  A4F2               	btfss	242,2,c	;volatile
   551  000040  EF24  F000         	goto	i1u11_21
   552  000044  EF26  F000         	goto	i1u11_20
   553  000048                     i1u11_21:
   554  000048  EF2A  F000         	goto	i1l92
   555  00004C                     i1u11_20:
   556  00004C                     
   557                           ;C:/Users/wyatt/Documents/ASEN 4519/Lab 5/George_Wyatt_Lab5C.c: 123:             TMR0han
      +                          dler();
   558  00004C  ECFD  F008         	call	_TMR0handler	;wreg free
   559                           
   560                           ;C:/Users/wyatt/Documents/ASEN 4519/Lab 5/George_Wyatt_Lab5C.c: 124:             continu
      +                          e;
   561  000050  EF1F  F000         	goto	i1l88
   562  000054                     i1l92:
   563  000054  C01D  FFF5         	movff	??_LoPriISR+8,tablat
   564  000058  C01C  FFF8         	movff	??_LoPriISR+7,tblptru
   565  00005C  C01B  FFF7         	movff	??_LoPriISR+6,tblptrh
   566  000060  C01A  FFF6         	movff	??_LoPriISR+5,tblptrl
   567  000064  C019  FFDA         	movff	??_LoPriISR+4,fsr2h
   568  000068  C018  FFD9         	movff	??_LoPriISR+3,fsr2l
   569  00006C  C017  FFE0         	movff	??_LoPriISR+2,bsr
   570  000070  C016  FFE8         	movff	??_LoPriISR+1,wreg
   571  000074  C015  FFD8         	movff	??_LoPriISR,status
   572  000078  9023               	bcf	int$flags,0,c	;clear compiler interrupt flag (level 1)
   573  00007A  0010               	retfie	
   574  00007C                     __end_of_LoPriISR:
   575                           	opt callstack 0
   576                           
   577 ;; *************** function _TMR0handler *****************
   578 ;; Defined at:
   579 ;;		line 135 in file "C:/Users/wyatt/Documents/ASEN 4519/Lab 5/George_Wyatt_Lab5C.c"
   580 ;; Parameters:    Size  Location     Type
   581 ;;		None
   582 ;; Auto vars:     Size  Location     Type
   583 ;;		None
   584 ;; Return value:  Size  Location     Type
   585 ;;                  1    wreg      void 
   586 ;; Registers used:
   587 ;;		wreg, fsr2l, fsr2h, status,2, status,0, tblptrl, tblptrh, tblptru, cstack
   588 ;; Tracked objects:
   589 ;;		On entry : 0/0
   590 ;;		On exit  : 0/0
   591 ;;		Unchanged: 0/0
   592 ;; Data sizes:     COMRAM   BANK0   BANK1   BANK2   BANK3   BANK4   BANK5   BANK6   BANK7   BANK8   BANK9  BANK10  BANK1
      +1  BANK12  BANK13  BANK14  BANK15
   593 ;;      Params:         0       0       0       0       0       0       0       0       0       0       0       0       
      +0       0       0       0       0
   594 ;;      Locals:         0       0       0       0       0       0       0       0       0       0       0       0       
      +0       0       0       0       0
   595 ;;      Temps:          0       0       0       0       0       0       0       0       0       0       0       0       
      +0       0       0       0       0
   596 ;;      Totals:         0       0       0       0       0       0       0       0       0       0       0       0       
      +0       0       0       0       0
   597 ;;Total ram usage:        0 bytes
   598 ;; Hardware stack levels used:    1
   599 ;; Hardware stack levels required when called:    3
   600 ;; This function calls:
   601 ;;		_DisplayC
   602 ;; This function is called by:
   603 ;;		_LoPriISR
   604 ;; This function uses a non-reentrant model
   605 ;;
   606                           
   607                           	psect	text4
   608  0011FA                     __ptext4:
   609                           	opt callstack 0
   610  0011FA                     _TMR0handler:
   611                           	opt callstack 24
   612  0011FA                     
   613                           ;C:/Users/wyatt/Documents/ASEN 4519/Lab 5/George_Wyatt_Lab5C.c: 140:     LATD ^= 0b00010
      +                          000;
   614  0011FA  0E10               	movlw	16
   615  0011FC  1A8C               	xorwf	140,f,c	;volatile
   616  0011FE                     
   617                           ;C:/Users/wyatt/Documents/ASEN 4519/Lab 5/George_Wyatt_Lab5C.c: 141:     TMR0L = 0xDB;
   618  0011FE  0EDB               	movlw	219
   619  001200  6ED6               	movwf	214,c	;volatile
   620  001202                     
   621                           ;C:/Users/wyatt/Documents/ASEN 4519/Lab 5/George_Wyatt_Lab5C.c: 142:     TMR0H = 0x0B;
   622  001202  0E0B               	movlw	11
   623  001204  6ED7               	movwf	215,c	;volatile
   624  001206                     
   625                           ;C:/Users/wyatt/Documents/ASEN 4519/Lab 5/George_Wyatt_Lab5C.c: 143:     DisplayC("\x80-
      +                          Rollover,");
   626  001206  0E08               	movlw	low STR_1
   627  001208  6E05               	movwf	DisplayC@LCDStr^0,c
   628  00120A  0E10               	movlw	high STR_1
   629  00120C  6E06               	movwf	(DisplayC@LCDStr+1)^0,c
   630  00120E  ECB6  F008         	call	_DisplayC	;wreg free
   631  001212                     
   632                           ;C:/Users/wyatt/Documents/ASEN 4519/Lab 5/George_Wyatt_Lab5C.c: 145:     INTCONbits.TMR0
      +                          IF = 0;
   633  001212  94F2               	bcf	242,2,c	;volatile
   634  001214  0012               	return		;funcret
   635  001216                     __end_of_TMR0handler:
   636                           	opt callstack 0
   637                           
   638 ;; *************** function _DisplayC *****************
   639 ;; Defined at:
   640 ;;		line 97 in file "C:/Users/wyatt/Documents/ASEN 4519/Lab 5/George_Wyatt_EasyPicLCDroutines.c"
   641 ;; Parameters:    Size  Location     Type
   642 ;;  LCDStr          2    4[COMRAM] PTR const unsigned char 
   643 ;;		 -> STR_1(12), 
   644 ;; Auto vars:     Size  Location     Type
   645 ;;  i               2   18[COMRAM] int 
   646 ;;  temp           10    8[COMRAM] unsigned char [10]
   647 ;; Return value:  Size  Location     Type
   648 ;;                  1    wreg      void 
   649 ;; Registers used:
   650 ;;		wreg, fsr2l, fsr2h, status,2, status,0, tblptrl, tblptrh, tblptru, cstack
   651 ;; Tracked objects:
   652 ;;		On entry : 0/0
   653 ;;		On exit  : 0/0
   654 ;;		Unchanged: 0/0
   655 ;; Data sizes:     COMRAM   BANK0   BANK1   BANK2   BANK3   BANK4   BANK5   BANK6   BANK7   BANK8   BANK9  BANK10  BANK1
      +1  BANK12  BANK13  BANK14  BANK15
   656 ;;      Params:         2       0       0       0       0       0       0       0       0       0       0       0       
      +0       0       0       0       0
   657 ;;      Locals:        12       0       0       0       0       0       0       0       0       0       0       0       
      +0       0       0       0       0
   658 ;;      Temps:          2       0       0       0       0       0       0       0       0       0       0       0       
      +0       0       0       0       0
   659 ;;      Totals:        16       0       0       0       0       0       0       0       0       0       0       0       
      +0       0       0       0       0
   660 ;;Total ram usage:       16 bytes
   661 ;; Hardware stack levels used:    1
   662 ;; Hardware stack levels required when called:    2
   663 ;; This function calls:
   664 ;;		_DisplayV
   665 ;; This function is called by:
   666 ;;		_TMR0handler
   667 ;; This function uses a non-reentrant model
   668 ;;
   669                           
   670                           	psect	text5
   671  00116C                     __ptext5:
   672                           	opt callstack 0
   673  00116C                     _DisplayC:
   674                           	opt callstack 24
   675  00116C                     
   676                           ;C:/Users/wyatt/Documents/ASEN 4519/Lab 5/George_Wyatt_EasyPicLCDroutines.c: 98:     cha
      +                          r temp[10];;C:/Users/wyatt/Documents/ASEN 4519/Lab 5/George_Wyatt_EasyPicLCDroutines.c: 
      +                          100:     for(int i=0; i<=10; i++){
   677  00116C  0E00               	movlw	0
   678  00116E  6E14               	movwf	(DisplayC@i+1)^0,c
   679  001170  0E00               	movlw	0
   680  001172  6E13               	movwf	DisplayC@i^0,c
   681  001174                     i1l931:
   682                           
   683                           ;C:/Users/wyatt/Documents/ASEN 4519/Lab 5/George_Wyatt_EasyPicLCDroutines.c: 101:       
      +                            temp[i] = LCDStr[i];
   684  001174  5013               	movf	DisplayC@i^0,w,c
   685  001176  2405               	addwf	DisplayC@LCDStr^0,w,c
   686  001178  6E07               	movwf	??_DisplayC^0,c
   687  00117A  5014               	movf	(DisplayC@i+1)^0,w,c
   688  00117C  2006               	addwfc	(DisplayC@LCDStr+1)^0,w,c
   689  00117E  6E08               	movwf	(??_DisplayC+1)^0,c
   690  001180  C007  FFF6         	movff	??_DisplayC,tblptrl
   691  001184  C008  FFF7         	movff	??_DisplayC+1,tblptrh
   692  001188                     	if	0	;tblptru may be non-zero
   693  001188                     	endif
   694  001188                     	if	0	;tblptru may be non-zero
   695  001188                     	endif
   696  001188  0E09               	movlw	low DisplayC@temp
   697  00118A  2413               	addwf	DisplayC@i^0,w,c
   698  00118C  6ED9               	movwf	fsr2l,c
   699  00118E  0E00               	movlw	high DisplayC@temp
   700  001190  2014               	addwfc	(DisplayC@i+1)^0,w,c
   701  001192  6EDA               	movwf	fsr2h,c
   702  001194  0008               	tblrd		*
   703  001196  CFF5 FFDF          	movff	tablat,indf2
   704  00119A                     
   705                           ;C:/Users/wyatt/Documents/ASEN 4519/Lab 5/George_Wyatt_EasyPicLCDroutines.c: 102:     }
   706  00119A  4A13               	infsnz	DisplayC@i^0,f,c
   707  00119C  2A14               	incf	(DisplayC@i+1)^0,f,c
   708  00119E  BE14               	btfsc	(DisplayC@i+1)^0,7,c
   709  0011A0  EFDB  F008         	goto	i1u10_21
   710  0011A4  5014               	movf	(DisplayC@i+1)^0,w,c
   711  0011A6  E109               	bnz	i1u10_20
   712  0011A8  0E0B               	movlw	11
   713  0011AA  5C13               	subwf	DisplayC@i^0,w,c
   714  0011AC  A0D8               	btfss	status,0,c
   715  0011AE  EFDB  F008         	goto	i1u10_21
   716  0011B2  EFDD  F008         	goto	i1u10_20
   717  0011B6                     i1u10_21:
   718  0011B6  EFBA  F008         	goto	i1l931
   719  0011BA                     i1u10_20:
   720  0011BA                     
   721                           ;C:/Users/wyatt/Documents/ASEN 4519/Lab 5/George_Wyatt_EasyPicLCDroutines.c: 103:     Di
      +                          splayV(temp);
   722  0011BA  0E09               	movlw	low DisplayC@temp
   723  0011BC  6E01               	movwf	DisplayV@LCDStr^0,c
   724  0011BE  0E00               	movlw	high DisplayC@temp
   725  0011C0  6E02               	movwf	(DisplayV@LCDStr+1)^0,c
   726  0011C2  EC0B  F008         	call	_DisplayV	;wreg free
   727  0011C6  0012               	return		;funcret
   728  0011C8                     __end_of_DisplayC:
   729                           	opt callstack 0
   730                           
   731 ;; *************** function _DisplayV *****************
   732 ;; Defined at:
   733 ;;		line 116 in file "C:/Users/wyatt/Documents/ASEN 4519/Lab 5/George_Wyatt_EasyPicLCDroutines.c"
   734 ;; Parameters:    Size  Location     Type
   735 ;;  LCDStr          2    0[COMRAM] PTR const unsigned char 
   736 ;;		 -> DisplayC@temp(10), 
   737 ;; Auto vars:     Size  Location     Type
   738 ;;  count           1    3[COMRAM] unsigned char 
   739 ;;  nibble          1    2[COMRAM] unsigned char 
   740 ;; Return value:  Size  Location     Type
   741 ;;                  1    wreg      void 
   742 ;; Registers used:
   743 ;;		wreg, fsr2l, fsr2h, status,2, status,0
   744 ;; Tracked objects:
   745 ;;		On entry : 0/0
   746 ;;		On exit  : 0/0
   747 ;;		Unchanged: 0/0
   748 ;; Data sizes:     COMRAM   BANK0   BANK1   BANK2   BANK3   BANK4   BANK5   BANK6   BANK7   BANK8   BANK9  BANK10  BANK1
      +1  BANK12  BANK13  BANK14  BANK15
   749 ;;      Params:         2       0       0       0       0       0       0       0       0       0       0       0       
      +0       0       0       0       0
   750 ;;      Locals:         2       0       0       0       0       0       0       0       0       0       0       0       
      +0       0       0       0       0
   751 ;;      Temps:          0       0       0       0       0       0       0       0       0       0       0       0       
      +0       0       0       0       0
   752 ;;      Totals:         4       0       0       0       0       0       0       0       0       0       0       0       
      +0       0       0       0       0
   753 ;;Total ram usage:        4 bytes
   754 ;; Hardware stack levels used:    1
   755 ;; Hardware stack levels required when called:    1
   756 ;; This function calls:
   757 ;;		Nothing
   758 ;; This function is called by:
   759 ;;		_DisplayC
   760 ;; This function uses a non-reentrant model
   761 ;;
   762                           
   763                           	psect	text6
   764  001016                     __ptext6:
   765                           	opt callstack 0
   766  001016                     _DisplayV:
   767                           	opt callstack 24
   768  001016                     
   769                           ;C:/Users/wyatt/Documents/ASEN 4519/Lab 5/George_Wyatt_EasyPicLCDroutines.c: 117:     un
      +                          signed char count = 0;
   770  001016  0E00               	movlw	0
   771  001018  6E04               	movwf	DisplayV@count^0,c
   772                           
   773                           ;C:/Users/wyatt/Documents/ASEN 4519/Lab 5/George_Wyatt_EasyPicLCDroutines.c: 120:     wh
      +                          ile(LCDStr[count]!=0x00) {
   774  00101A  EF54  F008         	goto	i1l26
   775  00101E                     i1l27:
   776                           
   777                           ;C:/Users/wyatt/Documents/ASEN 4519/Lab 5/George_Wyatt_EasyPicLCDroutines.c: 122:       
      +                            LATBbits.LATB5 = 0;
   778  00101E  9A8A               	bcf	138,5,c	;volatile
   779  001020                     
   780                           ;C:/Users/wyatt/Documents/ASEN 4519/Lab 5/George_Wyatt_EasyPicLCDroutines.c: 123:       
      +                            LATB = PORTB & 0b11000000;
   781  001020  5081               	movf	129,w,c	;volatile
   782  001022  0BC0               	andlw	192
   783  001024  6E8A               	movwf	138,c	;volatile
   784  001026                     
   785                           ;C:/Users/wyatt/Documents/ASEN 4519/Lab 5/George_Wyatt_EasyPicLCDroutines.c: 124:       
      +                            if(count==0){
   786  001026  5004               	movf	DisplayV@count^0,w,c
   787  001028  A4D8               	btfss	status,2,c
   788  00102A  EF19  F008         	goto	i1u7_21
   789  00102E  EF1B  F008         	goto	i1u7_20
   790  001032                     i1u7_21:
   791  001032  EF1E  F008         	goto	i1l28
   792  001036                     i1u7_20:
   793  001036                     
   794                           ;C:/Users/wyatt/Documents/ASEN 4519/Lab 5/George_Wyatt_EasyPicLCDroutines.c: 125:       
      +                                LATBbits.LATB4 = 0;
   795  001036  988A               	bcf	138,4,c	;volatile
   796                           
   797                           ;C:/Users/wyatt/Documents/ASEN 4519/Lab 5/George_Wyatt_EasyPicLCDroutines.c: 126:       
      +                            }
   798  001038  EF1F  F008         	goto	i1l29
   799  00103C                     i1l28:
   800                           
   801                           ;C:/Users/wyatt/Documents/ASEN 4519/Lab 5/George_Wyatt_EasyPicLCDroutines.c: 128:       
      +                                LATBbits.LATB4 = 1;
   802  00103C  888A               	bsf	138,4,c	;volatile
   803  00103E                     i1l29:
   804                           
   805                           ;C:/Users/wyatt/Documents/ASEN 4519/Lab 5/George_Wyatt_EasyPicLCDroutines.c: 130:       
      +                            LATBbits.LATB5 = 1;
   806  00103E  8A8A               	bsf	138,5,c	;volatile
   807  001040                     
   808                           ;C:/Users/wyatt/Documents/ASEN 4519/Lab 5/George_Wyatt_EasyPicLCDroutines.c: 131:       
      +                            nibble = 0xF0 & LCDStr[count];
   809  001040  5004               	movf	DisplayV@count^0,w,c
   810  001042  2401               	addwf	DisplayV@LCDStr^0,w,c
   811  001044  6ED9               	movwf	fsr2l,c
   812  001046  0E00               	movlw	0
   813  001048  2002               	addwfc	(DisplayV@LCDStr+1)^0,w,c
   814  00104A  6EDA               	movwf	fsr2h,c
   815  00104C  50DF               	movf	indf2,w,c
   816  00104E  0BF0               	andlw	240
   817  001050  6E03               	movwf	DisplayV@nibble^0,c
   818  001052                     
   819                           ;C:/Users/wyatt/Documents/ASEN 4519/Lab 5/George_Wyatt_EasyPicLCDroutines.c: 132:       
      +                            nibble >>= 4;
   820  001052  3A03               	swapf	DisplayV@nibble^0,f,c
   821  001054  0E0F               	movlw	15
   822  001056  1603               	andwf	DisplayV@nibble^0,f,c
   823  001058                     
   824                           ;C:/Users/wyatt/Documents/ASEN 4519/Lab 5/George_Wyatt_EasyPicLCDroutines.c: 133:     LA
      +                          TB |= nibble;
   825  001058  5003               	movf	DisplayV@nibble^0,w,c	;volatile
   826  00105A  128A               	iorwf	138,f,c	;volatile
   827  00105C                     
   828                           ;C:/Users/wyatt/Documents/ASEN 4519/Lab 5/George_Wyatt_EasyPicLCDroutines.c: 134:       
      +                            LATBbits.LATB5 = 0;
   829  00105C  9A8A               	bcf	138,5,c	;volatile
   830  00105E                     
   831                           ;C:/Users/wyatt/Documents/ASEN 4519/Lab 5/George_Wyatt_EasyPicLCDroutines.c: 135:      _
      +                          delay((unsigned long)((50)*(16000000/4000000.0)));
   832  00105E  0E42               	movlw	66
   833  001060                     i1u15_27:
   834  001060  2EE8               	decfsz	wreg,f,c
   835  001062  D7FE               	bra	i1u15_27
   836  001064  D000               	nop2	
   837  001066                     
   838                           ;C:/Users/wyatt/Documents/ASEN 4519/Lab 5/George_Wyatt_EasyPicLCDroutines.c: 138:       
      +                            LATB = PORTB & 0b11000000;
   839  001066  5081               	movf	129,w,c	;volatile
   840  001068  0BC0               	andlw	192
   841  00106A  6E8A               	movwf	138,c	;volatile
   842  00106C                     
   843                           ;C:/Users/wyatt/Documents/ASEN 4519/Lab 5/George_Wyatt_EasyPicLCDroutines.c: 139:       
      +                            if(count==0){
   844  00106C  5004               	movf	DisplayV@count^0,w,c
   845  00106E  A4D8               	btfss	status,2,c
   846  001070  EF3C  F008         	goto	i1u8_21
   847  001074  EF3E  F008         	goto	i1u8_20
   848  001078                     i1u8_21:
   849  001078  EF41  F008         	goto	i1l30
   850  00107C                     i1u8_20:
   851  00107C                     
   852                           ;C:/Users/wyatt/Documents/ASEN 4519/Lab 5/George_Wyatt_EasyPicLCDroutines.c: 140:       
      +                                LATBbits.LATB4 = 0;
   853  00107C  988A               	bcf	138,4,c	;volatile
   854                           
   855                           ;C:/Users/wyatt/Documents/ASEN 4519/Lab 5/George_Wyatt_EasyPicLCDroutines.c: 141:       
      +                            }
   856  00107E  EF42  F008         	goto	i1l31
   857  001082                     i1l30:
   858                           
   859                           ;C:/Users/wyatt/Documents/ASEN 4519/Lab 5/George_Wyatt_EasyPicLCDroutines.c: 143:       
      +                                LATBbits.LATB4 = 1;
   860  001082  888A               	bsf	138,4,c	;volatile
   861  001084                     i1l31:
   862                           
   863                           ;C:/Users/wyatt/Documents/ASEN 4519/Lab 5/George_Wyatt_EasyPicLCDroutines.c: 145:       
      +                            LATBbits.LATB5 = 1;
   864  001084  8A8A               	bsf	138,5,c	;volatile
   865  001086                     
   866                           ;C:/Users/wyatt/Documents/ASEN 4519/Lab 5/George_Wyatt_EasyPicLCDroutines.c: 147:       
      +                            nibble = 0x0F & LCDStr[count];
   867  001086  5004               	movf	DisplayV@count^0,w,c
   868  001088  2401               	addwf	DisplayV@LCDStr^0,w,c
   869  00108A  6ED9               	movwf	fsr2l,c
   870  00108C  0E00               	movlw	0
   871  00108E  2002               	addwfc	(DisplayV@LCDStr+1)^0,w,c
   872  001090  6EDA               	movwf	fsr2h,c
   873  001092  50DF               	movf	indf2,w,c
   874  001094  0B0F               	andlw	15
   875  001096  6E03               	movwf	DisplayV@nibble^0,c
   876  001098                     
   877                           ;C:/Users/wyatt/Documents/ASEN 4519/Lab 5/George_Wyatt_EasyPicLCDroutines.c: 149:       
      +                            LATB |= nibble;
   878  001098  5003               	movf	DisplayV@nibble^0,w,c	;volatile
   879  00109A  128A               	iorwf	138,f,c	;volatile
   880  00109C                     
   881                           ;C:/Users/wyatt/Documents/ASEN 4519/Lab 5/George_Wyatt_EasyPicLCDroutines.c: 150:       
      +                            LATBbits.LATB5 = 0;
   882  00109C  9A8A               	bcf	138,5,c	;volatile
   883  00109E                     
   884                           ;C:/Users/wyatt/Documents/ASEN 4519/Lab 5/George_Wyatt_EasyPicLCDroutines.c: 152:       
      +                            _delay((unsigned long)((50)*(16000000/4000000.0)));
   885  00109E  0E42               	movlw	66
   886  0010A0                     i1u16_27:
   887  0010A0  2EE8               	decfsz	wreg,f,c
   888  0010A2  D7FE               	bra	i1u16_27
   889  0010A4  D000               	nop2	
   890  0010A6                     
   891                           ;C:/Users/wyatt/Documents/ASEN 4519/Lab 5/George_Wyatt_EasyPicLCDroutines.c: 154:       
      +                            count++;
   892  0010A6  2A04               	incf	DisplayV@count^0,f,c
   893  0010A8                     i1l26:
   894                           
   895                           ;C:/Users/wyatt/Documents/ASEN 4519/Lab 5/George_Wyatt_EasyPicLCDroutines.c: 120:     wh
      +                          ile(LCDStr[count]!=0x00) {
   896  0010A8  5004               	movf	DisplayV@count^0,w,c
   897  0010AA  2401               	addwf	DisplayV@LCDStr^0,w,c
   898  0010AC  6ED9               	movwf	fsr2l,c
   899  0010AE  0E00               	movlw	0
   900  0010B0  2002               	addwfc	(DisplayV@LCDStr+1)^0,w,c
   901  0010B2  6EDA               	movwf	fsr2h,c
   902  0010B4  50DF               	movf	indf2,w,c
   903  0010B6  A4D8               	btfss	status,2,c
   904  0010B8  EF60  F008         	goto	i1u9_21
   905  0010BC  EF62  F008         	goto	i1u9_20
   906  0010C0                     i1u9_21:
   907  0010C0  EF0F  F008         	goto	i1l27
   908  0010C4                     i1u9_20:
   909  0010C4  0012               	return		;funcret
   910  0010C6                     __end_of_DisplayV:
   911                           	opt callstack 0
   912                           
   913 ;; *************** function _HiPriISR *****************
   914 ;; Defined at:
   915 ;;		line 108 in file "C:/Users/wyatt/Documents/ASEN 4519/Lab 5/George_Wyatt_Lab5C.c"
   916 ;; Parameters:    Size  Location     Type
   917 ;;		None
   918 ;; Auto vars:     Size  Location     Type
   919 ;;		None
   920 ;; Return value:  Size  Location     Type
   921 ;;                  1    wreg      void 
   922 ;; Registers used:
   923 ;;		None
   924 ;; Tracked objects:
   925 ;;		On entry : 0/0
   926 ;;		On exit  : 0/0
   927 ;;		Unchanged: 0/0
   928 ;; Data sizes:     COMRAM   BANK0   BANK1   BANK2   BANK3   BANK4   BANK5   BANK6   BANK7   BANK8   BANK9  BANK10  BANK1
      +1  BANK12  BANK13  BANK14  BANK15
   929 ;;      Params:         0       0       0       0       0       0       0       0       0       0       0       0       
      +0       0       0       0       0
   930 ;;      Locals:         0       0       0       0       0       0       0       0       0       0       0       0       
      +0       0       0       0       0
   931 ;;      Temps:          0       0       0       0       0       0       0       0       0       0       0       0       
      +0       0       0       0       0
   932 ;;      Totals:         0       0       0       0       0       0       0       0       0       0       0       0       
      +0       0       0       0       0
   933 ;;Total ram usage:        0 bytes
   934 ;; Hardware stack levels used:    1
   935 ;; This function calls:
   936 ;;		Nothing
   937 ;; This function is called by:
   938 ;;		Interrupt level 2
   939 ;; This function uses a non-reentrant model
   940 ;;
   941                           
   942                           	psect	intcode
   943  000008                     __pintcode:
   944                           	opt callstack 0
   945  000008                     _HiPriISR:
   946                           	opt callstack 24
   947                           
   948                           ;incstack = 0
   949  000008  8223               	bsf	int$flags,1,c	;set compiler interrupt flag (level 2)
   950  00000A  EF1C  F009         	goto	int_func
   951                           
   952                           	psect	intcode_body
   953  001238                     __pintcode_body:
   954                           	opt callstack 24
   955  001238                     int_func:
   956                           	opt callstack 24
   957  001238  9223               	bcf	int$flags,1,c	;clear compiler interrupt flag (level 2)
   958  00123A  0011               	retfie		f
   959  00123C                     __end_of_HiPriISR:
   960                           	opt callstack 0
   961                           
   962                           	psect	rparam
   963  0000                     
   964                           	psect	temp
   965  000023                     btemp:
   966                           	opt callstack 0
   967  000023                     	ds	1
   968  0000                     int$flags	set	btemp
   969  0000                     wtemp8	set	btemp+1
   970  0000                     ttemp5	set	btemp+1
   971  0000                     ttemp6	set	btemp+4
   972  0000                     ttemp7	set	btemp+8
   973                           tosu	equ	0xFFF
   974                           tosh	equ	0xFFE
   975                           tosl	equ	0xFFD
   976                           stkptr	equ	0xFFC
   977                           pclatu	equ	0xFFB
   978                           pclath	equ	0xFFA
   979                           pcl	equ	0xFF9
   980                           tblptru	equ	0xFF8
   981                           tblptrh	equ	0xFF7
   982                           tblptrl	equ	0xFF6
   983                           tablat	equ	0xFF5
   984                           prodh	equ	0xFF4
   985                           prodl	equ	0xFF3
   986                           indf0	equ	0xFEF
   987                           postinc0	equ	0xFEE
   988                           postdec0	equ	0xFED
   989                           preinc0	equ	0xFEC
   990                           plusw0	equ	0xFEB
   991                           fsr0h	equ	0xFEA
   992                           fsr0l	equ	0xFE9
   993                           wreg	equ	0xFE8
   994                           indf1	equ	0xFE7
   995                           postinc1	equ	0xFE6
   996                           postdec1	equ	0xFE5
   997                           preinc1	equ	0xFE4
   998                           plusw1	equ	0xFE3
   999                           fsr1h	equ	0xFE2
  1000                           fsr1l	equ	0xFE1
  1001                           bsr	equ	0xFE0
  1002                           indf2	equ	0xFDF
  1003                           postinc2	equ	0xFDE
  1004                           postdec2	equ	0xFDD
  1005                           preinc2	equ	0xFDC
  1006                           plusw2	equ	0xFDB
  1007                           fsr2h	equ	0xFDA
  1008                           fsr2l	equ	0xFD9
  1009                           status	equ	0xFD8


Data Sizes:
    Strings     12
    Constant    7
    Data        0
    BSS         2
    Persistent  0
    Stack       0

Auto Spaces:
    Space          Size  Autos    Used
    COMRAM           94     32      34
    BANK0           160      0       0
    BANK1           256      0       0
    BANK2           256      0       0
    BANK3           256      0       0
    BANK4           256      0       0
    BANK5           256      0       0
    BANK6           256      0       0
    BANK7           256      0       0
    BANK8           256      0       0
    BANK9           256      0       0
    BANK10          256      0       0
    BANK11          256      0       0
    BANK12          256      0       0
    BANK13          256      0       0
    BANK14          256      0       0
    BANK15           22      0       0

Pointer List with Targets:

    DisplayV@LCDStr	PTR const unsigned char  size(2) Largest target is 10
		 -> DisplayC@temp(COMRAM[10]), 

    DisplayC@LCDStr	PTR const unsigned char  size(2) Largest target is 12
		 -> STR_1(CODE[12]), 


Critical Paths under _main in COMRAM

    _Initial->_InitLCD

Critical Paths under _LoPriISR in COMRAM

    _TMR0handler->_DisplayC
    _DisplayC->_DisplayV

Critical Paths under _HiPriISR in COMRAM

    None.

Critical Paths under _main in BANK0

    None.

Critical Paths under _LoPriISR in BANK0

    None.

Critical Paths under _HiPriISR in BANK0

    None.

Critical Paths under _main in BANK1

    None.

Critical Paths under _LoPriISR in BANK1

    None.

Critical Paths under _HiPriISR in BANK1

    None.

Critical Paths under _main in BANK2

    None.

Critical Paths under _LoPriISR in BANK2

    None.

Critical Paths under _HiPriISR in BANK2

    None.

Critical Paths under _main in BANK3

    None.

Critical Paths under _LoPriISR in BANK3

    None.

Critical Paths under _HiPriISR in BANK3

    None.

Critical Paths under _main in BANK4

    None.

Critical Paths under _LoPriISR in BANK4

    None.

Critical Paths under _HiPriISR in BANK4

    None.

Critical Paths under _main in BANK5

    None.

Critical Paths under _LoPriISR in BANK5

    None.

Critical Paths under _HiPriISR in BANK5

    None.

Critical Paths under _main in BANK6

    None.

Critical Paths under _LoPriISR in BANK6

    None.

Critical Paths under _HiPriISR in BANK6

    None.

Critical Paths under _main in BANK7

    None.

Critical Paths under _LoPriISR in BANK7

    None.

Critical Paths under _HiPriISR in BANK7

    None.

Critical Paths under _main in BANK8

    None.

Critical Paths under _LoPriISR in BANK8

    None.

Critical Paths under _HiPriISR in BANK8

    None.

Critical Paths under _main in BANK9

    None.

Critical Paths under _LoPriISR in BANK9

    None.

Critical Paths under _HiPriISR in BANK9

    None.

Critical Paths under _main in BANK10

    None.

Critical Paths under _LoPriISR in BANK10

    None.

Critical Paths under _HiPriISR in BANK10

    None.

Critical Paths under _main in BANK11

    None.

Critical Paths under _LoPriISR in BANK11

    None.

Critical Paths under _HiPriISR in BANK11

    None.

Critical Paths under _main in BANK12

    None.

Critical Paths under _LoPriISR in BANK12

    None.

Critical Paths under _HiPriISR in BANK12

    None.

Critical Paths under _main in BANK13

    None.

Critical Paths under _LoPriISR in BANK13

    None.

Critical Paths under _HiPriISR in BANK13

    None.

Critical Paths under _main in BANK14

    None.

Critical Paths under _LoPriISR in BANK14

    None.

Critical Paths under _HiPriISR in BANK14

    None.

Critical Paths under _main in BANK15

    None.

Critical Paths under _LoPriISR in BANK15

    None.

Critical Paths under _HiPriISR in BANK15

    None.

Call Graph Tables:

 ---------------------------------------------------------------------------------
 (Depth) Function   	        Calls       Base Space   Used Autos Params    Refs
 ---------------------------------------------------------------------------------
 (0) _main                                                 0     0      0      75
                            _Initial
 ---------------------------------------------------------------------------------
 (1) _Initial                                              0     0      0      75
                            _InitLCD
 ---------------------------------------------------------------------------------
 (2) _InitLCD                                              3     3      0      75
                                             29 COMRAM     3     3      0
 ---------------------------------------------------------------------------------
 Estimated maximum stack depth 2
 ---------------------------------------------------------------------------------
 (Depth) Function   	        Calls       Base Space   Used Autos Params    Refs
 ---------------------------------------------------------------------------------
 (3) _LoPriISR                                             9     9      0     539
                                             20 COMRAM     9     9      0
                        _TMR0handler
 ---------------------------------------------------------------------------------
 (4) _TMR0handler                                          0     0      0     539
                           _DisplayC
 ---------------------------------------------------------------------------------
 (5) _DisplayC                                            16    14      2     539
                                              4 COMRAM    16    14      2
                           _DisplayV
 ---------------------------------------------------------------------------------
 (6) _DisplayV                                             4     2      2     302
                                              0 COMRAM     4     2      2
 ---------------------------------------------------------------------------------
 Estimated maximum stack depth 6
 ---------------------------------------------------------------------------------
 (Depth) Function   	        Calls       Base Space   Used Autos Params    Refs
 ---------------------------------------------------------------------------------
 (7) _HiPriISR                                             0     0      0       0
 ---------------------------------------------------------------------------------
 Estimated maximum stack depth 7
 ---------------------------------------------------------------------------------

 Call Graph Graphs:

 _main (ROOT)
   _Initial
     _InitLCD

 _LoPriISR (ROOT)
   _TMR0handler
     _DisplayC
       _DisplayV

 _HiPriISR (ROOT)

 Address spaces:
Name               Size   Autos  Total    Cost      Usage
BIGRAM             F15      0       0      37        0.0%
EEDATA             400      0       0       0        0.0%
BITBANK14          100      0       0      33        0.0%
BANK14             100      0       0      34        0.0%
BITBANK13          100      0       0      31        0.0%
BANK13             100      0       0      32        0.0%
BITBANK12          100      0       0      29        0.0%
BANK12             100      0       0      30        0.0%
BITBANK11          100      0       0      27        0.0%
BANK11             100      0       0      28        0.0%
BITBANK10          100      0       0      25        0.0%
BANK10             100      0       0      26        0.0%
BITBANK9           100      0       0      23        0.0%
BANK9              100      0       0      24        0.0%
BITBANK8           100      0       0      21        0.0%
BANK8              100      0       0      22        0.0%
BITBANK7           100      0       0      19        0.0%
BANK7              100      0       0      20        0.0%
BITBANK6           100      0       0      17        0.0%
BANK6              100      0       0      18        0.0%
BITBANK5           100      0       0      15        0.0%
BANK5              100      0       0      16        0.0%
BITBANK4           100      0       0      13        0.0%
BANK4              100      0       0      14        0.0%
BITBANK3           100      0       0      10        0.0%
BANK3              100      0       0      11        0.0%
BITBANK2           100      0       0       8        0.0%
BANK2              100      0       0       9        0.0%
BITBANK1           100      0       0       6        0.0%
BANK1              100      0       0       7        0.0%
BITBANK0            A0      0       0       4        0.0%
BANK0               A0      0       0       5        0.0%
BITCOMRAM           5E      0       0       0        0.0%
COMRAM              5E     20      22       1       36.2%
BITBANK15           16      0       0      35        0.0%
BANK15              16      0       0      36        0.0%
BITSFR_1             0      0       0     200        0.0%
SFR_1                0      0       0     200        0.0%
BITSFR               0      0       0     200        0.0%
SFR                  0      0       0     200        0.0%
STACK                0      0       0       2        0.0%
NULL                 0      0       0       0        0.0%
ABS                  0      0      22      12        0.0%
DATA                 0      0      22       3        0.0%
CODE                 0      0       0       0        0.0%


Microchip Technology PIC18 Macro Assembler V2.10 build 88905656 
Symbol Table                                                                                   Wed Oct 30 22:29:49 2019

                     l17 1168                       l18 116A                       l72 1230  
                     l73 1230                       l78 11F8                       u40 1168  
                     u41 1164                       bsr 000FE0              __CFG_BORV$2 000000  
                    l811 10DE                      l821 1104                      l813 10E2  
                    l805 10C6                      l831 112C                      l823 1106  
                    l815 10E4                      l807 10CA                      l833 1130  
                    l825 1114                      l817 10F8                      l809 10D8  
                    l835 1136                      l827 1118                      l819 10FE  
                    l837 1146                      l829 111A                      l861 11E4  
                    l839 1148                      l871 11F2                      l863 11E8  
                    l855 11C8                      l873 11F4                      l865 11EC  
                    l857 11DC                      l875 11F6                      l867 11EE  
                    l859 11E0                      l869 11F0                      l887 122C  
                    u127 10D0                      u137 110C                      u147 113E  
                    wreg 000FE8                     STR_1 1008                     _LATB 000F8A  
                   _LATC 000F8B                     _LATD 000F8C                     i1l30 1082  
                   i1l31 1084                     i1l23 11C6                     i1l33 10C4  
                   i1l26 10A8                     i1l27 101E                     i1l28 103C  
                   i1l29 103E                     i1l92 0054                     i1l95 1214  
                   i1l88 003E                     i2l83 1238             InitLCD@count 0020  
                   _main 122C                     fsr2h 000FDA                     indf2 000FDF  
                   fsr2l 000FD9                     btemp 0023            __CFG_BOREN$ON 000000  
                   start 007C            __CFG_FOSC$HS1 000000             ___param_bank 000000  
        __end_of_InitLCD 116C          __end_of_Initial 11FA                    ?_main 0001  
                  _T0CON 000FD5                    i1l901 1052                    i1l911 106C  
                  i1l903 1058                    i1l921 109E                    i1l913 107C  
                  i1l905 105C                    i1l923 10A6                    i1l915 1086  
                  i1l907 105E                    i1l931 1174                    i1l917 1098  
                  i1l909 1066                    i1l933 119A                    i1l925 116C  
                  i1l941 11FE                    i1l919 109C                    i1l935 119E  
                  i1l943 1202                    i1l937 11BA                    i1l945 1206  
                  i1l891 1016                    i1l947 1212                    i1l939 11FA  
                  i1l893 1020                    i1l949 004C                    i1l895 1026  
                  i1l897 1036                    i1l899 1040                    _TMR0H 000FD7  
                  _TMR0L 000FD6                    _PORTB 000F81                    _TRISB 000F93  
                  _TRISC 000F94                    _TRISD 000F95            InitLCD@nibble 001F  
                  tablat 000FF5                    ttemp5 0024                    ttemp6 0027  
                  ttemp7 002B                    status 000FD8                    wtemp8 0024  
       __end_of_HiPriISR 123C          __initialization 1216         __end_of_DisplayC 11C8  
       __end_of_DisplayV 10C6         __end_of_LoPriISR 007C              _Alive_count 0021  
           __end_of_main 1238                   ??_main 0021            __activetblptr 000001  
         __CFG_WDTEN$OFF 000000                   i1u7_20 1036                   i1u7_21 1032  
                 i1u8_20 107C                   i1u8_21 1078                   i1u9_20 10C4  
                 i1u9_21 10C0                ??_InitLCD 001E                ??_Initial 0021  
         __CFG_PWRTEN$ON 000000           __CFG_XINST$OFF 000000             ?_TMR0handler 0001  
           __mediumconst 0000                   tblptrh 000FF7                   tblptrl 000FF6  
                 tblptru 000FF8               __accesstop 0060  __end_of__initialization 121A  
          ___rparam_used 000001           __pcstackCOMRAM 0001                ?_HiPriISR 0001  
              ?_DisplayC 0005                ?_DisplayV 0001                ?_LoPriISR 0001  
        __CFG_PLLCFG$OFF 000000               ??_HiPriISR 0001                  i1u10_20 11BA  
                i1u10_21 11B6                  i1u11_20 004C                  i1u11_21 0048  
                i1u15_27 1060                  i1u16_27 10A0               ??_DisplayC 0007  
             ??_DisplayV 0003               ??_LoPriISR 0015                  _InitLCD 10C6  
                _Initial 11C8                  __Hparam 0000                  __Lparam 0000  
           __psmallconst 1000                  __pcinit 1216                  __ramtop 1000  
                __ptext0 122C                  __ptext1 11C8                  __ptext2 10C6  
                __ptext4 11FA                  __ptext5 116C                  __ptext6 1016  
              _T0CONbits 000FD5     __size_of_TMR0handler 001C           __pintcode_body 1238  
   end_of_initialization 121A                  int_func 1238                DisplayC@i 0013  
    start_initialization 1216        __size_of_HiPriISR 1234        __size_of_DisplayC 005C  
      __size_of_DisplayV 00B0        __size_of_LoPriISR 0064      __end_of_LCDInitStr_ 1008  
            __pbssCOMRAM 0021                 ?_InitLCD 0001                 ?_Initial 0001  
         DisplayC@LCDStr 0005        __CFG_CCP2MX$PORTC 000000                __pintcode 0008  
            __pintcodelo 0018              __smallconst 1000           DisplayV@LCDStr 0001  
               _LATBbits 000F8A                 _RCONbits 000FD0           DisplayV@nibble 0003  
            _LCDInitStr_ 1001            ??_TMR0handler 0015                 _HiPriISR 0008  
            _INTCON2bits 000FF1                 _DisplayC 116C                 _DisplayV 1016  
               _LoPriISR 0018         __size_of_InitLCD 00A6                 __Hrparam 0000  
       __size_of_Initial 0032                 __Lrparam 0000             __Lsmallconst 1000  
    __end_of_TMR0handler 1216            __size_of_main 000C            DisplayV@count 0004  
               int$flags 0023               _INTCONbits 000FF2                 intlevel1 0000  
               intlevel2 0000             DisplayC@temp 0009              _TMR0handler 11FA  
